<?xml version="1.0" encoding="UTF-8"?>
<!-- Generated by org.testng.reporters.JUnitXMLReporter -->
<testsuite ignored="4" hostname="LTIN248952" failures="0" tests="18" name="edgeTest" time="133.086" errors="0" timestamp="2024-03-01T17:05:06 IST">
  <testcase classname="testCases.TC_001_TravelInsuranceTest" name="test_HomePage" time="5.56"/>
  <testcase classname="testCases.TC_001_TravelInsuranceTest" name="test_Destinations" time="1.334"/>
  <testcase classname="testCases.TC_001_TravelInsuranceTest" name="test_TripDate" time="5.715"/>
  <testcase classname="testCases.TC_001_TravelInsuranceTest" name="test_Travellers" time="5.813"/>
  <testcase classname="testCases.TC_001_TravelInsuranceTest" name="test_MedicalHistory" time="0.806"/>
  <testcase classname="testCases.TC_001_TravelInsuranceTest" name="test_contactDetails" time="2.163"/>
  <testcase classname="testCases.TC_001_TravelInsuranceTest" name="test_StudentPlans" time="25.536"/>
  <testcase classname="testCases.TC_001_TravelInsuranceTest" name="test_DisplayTravelInsurance" time="5.16"/>
  <testcase classname="testCases.TC_002_CarInsuranceTest" name="test_HomePage" time="7.419"/>
  <testcase classname="testCases.TC_002_CarInsuranceTest" name="test_carQuote" time="4.641"/>
  <testcase classname="testCases.TC_002_CarInsuranceTest" name="test_carCityAndRto" time="0.547"/>
  <testcase classname="testCases.TC_002_CarInsuranceTest" name="test_carBrand" time="0.208"/>
  <testcase classname="testCases.TC_002_CarInsuranceTest" name="test_carModel" time="0.426"/>
  <testcase classname="testCases.TC_002_CarInsuranceTest" name="test_carFuelType" time="0.306"/>
  <testcase classname="testCases.TC_002_CarInsuranceTest" name="test_carVariant" time="0.306"/>
  <testcase classname="testCases.TC_002_CarInsuranceTest" name="test_userDetails" time="1.522"/>
  <testcase classname="testCases.TC_002_CarInsuranceTest" name="test_captureErrorMsg" time="0.072"/>
  <testcase classname="testCases.TC_003_HealthInsuranceTest" name="test_MenuItems" time="15.495"/>
  <testcase classname="testbase.BaseClass" name="@AfterTest teardown" time="0.0">
    <ignored/>
  </testcase> <!-- @AfterTest teardown -->
  <testcase classname="testbase.BaseClass" name="@AfterTest teardown" time="0.0">
    <ignored/>
  </testcase> <!-- @AfterTest teardown -->
  <testcase classname="testbase.BaseClass" name="@BeforeTest setup" time="0.0">
    <ignored/>
  </testcase> <!-- @BeforeTest setup -->
  <testcase classname="testbase.BaseClass" name="@BeforeTest setup" time="0.0">
    <ignored/>
  </testcase> <!-- @BeforeTest setup -->
</testsuite> <!-- edgeTest -->
