<?xml version="1.0" encoding="UTF-8"?>
<!-- Generated by org.testng.reporters.JUnitXMLReporter -->
<testsuite ignored="4" hostname="LTIN248952" failures="0" tests="18" name="Test" time="103.549" errors="0" timestamp="2024-03-14T17:34:22 IST">
  <testcase classname="testCases.TC_001_TravelInsuranceTest" name="test_HomePage" time="1.033"/>
  <testcase classname="testCases.TC_001_TravelInsuranceTest" name="test_Destinations" time="9.204"/>
  <testcase classname="testCases.TC_001_TravelInsuranceTest" name="test_TripDate" time="8.439"/>
  <testcase classname="testCases.TC_001_TravelInsuranceTest" name="test_Travellers" time="6.202"/>
  <testcase classname="testCases.TC_001_TravelInsuranceTest" name="test_MedicalHistory" time="0.397"/>
  <testcase classname="testCases.TC_001_TravelInsuranceTest" name="test_contactDetails" time="2.405"/>
  <testcase classname="testCases.TC_001_TravelInsuranceTest" name="test_StudentPlans" time="13.594"/>
  <testcase classname="testCases.TC_001_TravelInsuranceTest" name="test_DisplayTravelInsurance" time="4.392"/>
  <testcase classname="testCases.TC_002_CarInsuranceTest" name="test_HomePage" time="4.924"/>
  <testcase classname="testCases.TC_002_CarInsuranceTest" name="test_carQuote" time="3.224"/>
  <testcase classname="testCases.TC_002_CarInsuranceTest" name="test_carCityAndRto" time="0.759"/>
  <testcase classname="testCases.TC_002_CarInsuranceTest" name="test_carBrand" time="0.188"/>
  <testcase classname="testCases.TC_002_CarInsuranceTest" name="test_carModel" time="0.783"/>
  <testcase classname="testCases.TC_002_CarInsuranceTest" name="test_carFuelType" time="0.313"/>
  <testcase classname="testCases.TC_002_CarInsuranceTest" name="test_carVariant" time="0.255"/>
  <testcase classname="testCases.TC_002_CarInsuranceTest" name="test_userDetails" time="1.272"/>
  <testcase classname="testCases.TC_002_CarInsuranceTest" name="test_captureErrorMsg" time="0.09"/>
  <testcase classname="testCases.TC_003_HealthInsuranceTest" name="test_MenuItems" time="12.282"/>
  <testcase classname="testbase.BaseClass" name="@AfterTest teardown" time="0.0">
    <ignored/>
  </testcase> <!-- @AfterTest teardown -->
  <testcase classname="testbase.BaseClass" name="@AfterTest teardown" time="0.0">
    <ignored/>
  </testcase> <!-- @AfterTest teardown -->
  <testcase classname="testbase.BaseClass" name="@BeforeTest setup" time="0.0">
    <ignored/>
  </testcase> <!-- @BeforeTest setup -->
  <testcase classname="testbase.BaseClass" name="@BeforeTest setup" time="0.0">
    <ignored/>
  </testcase> <!-- @BeforeTest setup -->
</testsuite> <!-- Test -->
