<?xml version="1.0" encoding="UTF-8"?>
<!-- Generated by org.testng.reporters.JUnitXMLReporter -->
<testsuite ignored="4" hostname="LTIN248952" failures="0" tests="18" name="Test" time="127.225" errors="0" timestamp="2024-03-01T16:13:19 IST">
  <testcase classname="testCases.TC_001_TravelInsuranceTest" name="test_HomePage" time="5.504"/>
  <testcase classname="testCases.TC_001_TravelInsuranceTest" name="test_Destinations" time="1.081"/>
  <testcase classname="testCases.TC_001_TravelInsuranceTest" name="test_TripDate" time="3.607"/>
  <testcase classname="testCases.TC_001_TravelInsuranceTest" name="test_Travellers" time="8.6"/>
  <testcase classname="testCases.TC_001_TravelInsuranceTest" name="test_MedicalHistory" time="0.79"/>
  <testcase classname="testCases.TC_001_TravelInsuranceTest" name="test_contactDetails" time="1.384"/>
  <testcase classname="testCases.TC_001_TravelInsuranceTest" name="test_StudentPlans" time="47.089"/>
  <testcase classname="testCases.TC_001_TravelInsuranceTest" name="test_DisplayTravelInsurance" time="5.242"/>
  <testcase classname="testCases.TC_002_CarInsuranceTest" name="test_HomePage" time="6.631"/>
  <testcase classname="testCases.TC_002_CarInsuranceTest" name="test_carQuote" time="4.369"/>
  <testcase classname="testCases.TC_002_CarInsuranceTest" name="test_carCityAndRto" time="0.486"/>
  <testcase classname="testCases.TC_002_CarInsuranceTest" name="test_carBrand" time="0.274"/>
  <testcase classname="testCases.TC_002_CarInsuranceTest" name="test_carModel" time="0.212"/>
  <testcase classname="testCases.TC_002_CarInsuranceTest" name="test_carFuelType" time="0.212"/>
  <testcase classname="testCases.TC_002_CarInsuranceTest" name="test_carVariant" time="0.217"/>
  <testcase classname="testCases.TC_002_CarInsuranceTest" name="test_userDetails" time="1.231"/>
  <testcase classname="testCases.TC_002_CarInsuranceTest" name="test_captureErrorMsg" time="0.059"/>
  <testcase classname="testCases.TC_003_HealthInsuranceTest" name="test_MenuItems" time="11.381"/>
  <testcase classname="testbase.BaseClass" name="@AfterTest teardown" time="0.0">
    <ignored/>
  </testcase> <!-- @AfterTest teardown -->
  <testcase classname="testbase.BaseClass" name="@AfterTest teardown" time="0.0">
    <ignored/>
  </testcase> <!-- @AfterTest teardown -->
  <testcase classname="testbase.BaseClass" name="@BeforeTest setup" time="0.0">
    <ignored/>
  </testcase> <!-- @BeforeTest setup -->
  <testcase classname="testbase.BaseClass" name="@BeforeTest setup" time="0.0">
    <ignored/>
  </testcase> <!-- @BeforeTest setup -->
</testsuite> <!-- Test -->
