<?xml version="1.0" encoding="UTF-8"?>
<!-- Generated by org.testng.reporters.JUnitXMLReporter -->
<testsuite ignored="4" hostname="LTIN248952" failures="0" tests="18" name="Test" time="143.543" errors="0" timestamp="2024-03-01T17:20:22 IST">
  <testcase classname="testCases.TC_001_TravelInsuranceTest" name="test_HomePage" time="2.193"/>
  <testcase classname="testCases.TC_001_TravelInsuranceTest" name="test_Destinations" time="1.731"/>
  <testcase classname="testCases.TC_001_TravelInsuranceTest" name="test_TripDate" time="5.447"/>
  <testcase classname="testCases.TC_001_TravelInsuranceTest" name="test_Travellers" time="9.949"/>
  <testcase classname="testCases.TC_001_TravelInsuranceTest" name="test_MedicalHistory" time="0.992"/>
  <testcase classname="testCases.TC_001_TravelInsuranceTest" name="test_contactDetails" time="4.867"/>
  <testcase classname="testCases.TC_001_TravelInsuranceTest" name="test_StudentPlans" time="19.725"/>
  <testcase classname="testCases.TC_001_TravelInsuranceTest" name="test_DisplayTravelInsurance" time="5.455"/>
  <testcase classname="testCases.TC_002_CarInsuranceTest" name="test_HomePage" time="11.44"/>
  <testcase classname="testCases.TC_002_CarInsuranceTest" name="test_carQuote" time="3.869"/>
  <testcase classname="testCases.TC_002_CarInsuranceTest" name="test_carCityAndRto" time="0.568"/>
  <testcase classname="testCases.TC_002_CarInsuranceTest" name="test_carBrand" time="0.391"/>
  <testcase classname="testCases.TC_002_CarInsuranceTest" name="test_carModel" time="0.391"/>
  <testcase classname="testCases.TC_002_CarInsuranceTest" name="test_carFuelType" time="0.319"/>
  <testcase classname="testCases.TC_002_CarInsuranceTest" name="test_carVariant" time="0.301"/>
  <testcase classname="testCases.TC_002_CarInsuranceTest" name="test_userDetails" time="1.835"/>
  <testcase classname="testCases.TC_002_CarInsuranceTest" name="test_captureErrorMsg" time="0.085"/>
  <testcase classname="testCases.TC_003_HealthInsuranceTest" name="test_MenuItems" time="14.128"/>
  <testcase classname="testbase.BaseClass" name="@BeforeTest setup" time="0.0">
    <ignored/>
  </testcase> <!-- @BeforeTest setup -->
  <testcase classname="testbase.BaseClass" name="@AfterTest teardown" time="0.0">
    <ignored/>
  </testcase> <!-- @AfterTest teardown -->
  <testcase classname="testbase.BaseClass" name="@AfterTest teardown" time="0.0">
    <ignored/>
  </testcase> <!-- @AfterTest teardown -->
  <testcase classname="testbase.BaseClass" name="@BeforeTest setup" time="0.0">
    <ignored/>
  </testcase> <!-- @BeforeTest setup -->
</testsuite> <!-- Test -->
