<?xml version="1.0" encoding="UTF-8"?>
<testng-results ignored="0" total="18" passed="18" failed="0" skipped="0">
  <reporter-output>
  </reporter-output>
  <suite started-at="2024-03-01T17:17:44 IST" name="Suite" finished-at="2024-03-01T17:20:07 IST" duration-ms="143543">
    <groups>
    </groups>
    <test started-at="2024-03-01T17:17:44 IST" name="Test" finished-at="2024-03-01T17:20:07 IST" duration-ms="143543">
      <class name="testCases.TC_003_HealthInsuranceTest">
        <test-method signature="test_MenuItems()[pri:0, instance:testCases.TC_003_HealthInsuranceTest@7d9d0818]" started-at="2024-03-01T17:19:51 IST" name="test_MenuItems" finished-at="2024-03-01T17:20:05 IST" duration-ms="14128" status="PASS">
          <reporter-output>
          </reporter-output>
        </test-method> <!-- test_MenuItems -->
      </class> <!-- testCases.TC_003_HealthInsuranceTest -->
      <class name="testCases.TC_001_TravelInsuranceTest">
        <test-method is-config="true" signature="setup(java.lang.String,java.lang.String)[pri:0, instance:testCases.TC_001_TravelInsuranceTest@268f106e]" started-at="2024-03-01T17:17:45 IST" name="setup" finished-at="2024-03-01T17:18:29 IST" duration-ms="44195" status="PASS">
          <params>
            <param index="0">
              <value>
                <![CDATA[windows]]>
              </value>
            </param>
            <param index="1">
              <value>
                <![CDATA[chrome]]>
              </value>
            </param>
          </params>
          <reporter-output>
          </reporter-output>
        </test-method> <!-- setup -->
        <test-method signature="test_HomePage()[pri:1, instance:testCases.TC_001_TravelInsuranceTest@268f106e]" started-at="2024-03-01T17:18:29 IST" name="test_HomePage" finished-at="2024-03-01T17:18:32 IST" duration-ms="2193" status="PASS">
          <reporter-output>
          </reporter-output>
        </test-method> <!-- test_HomePage -->
        <test-method signature="test_Destinations()[pri:2, instance:testCases.TC_001_TravelInsuranceTest@268f106e]" started-at="2024-03-01T17:18:36 IST" name="test_Destinations" finished-at="2024-03-01T17:18:38 IST" duration-ms="1731" status="PASS">
          <reporter-output>
          </reporter-output>
        </test-method> <!-- test_Destinations -->
        <test-method signature="test_TripDate()[pri:3, instance:testCases.TC_001_TravelInsuranceTest@268f106e]" started-at="2024-03-01T17:18:38 IST" name="test_TripDate" finished-at="2024-03-01T17:18:43 IST" duration-ms="5447" status="PASS">
          <reporter-output>
          </reporter-output>
        </test-method> <!-- test_TripDate -->
        <test-method signature="test_Travellers()[pri:4, instance:testCases.TC_001_TravelInsuranceTest@268f106e]" started-at="2024-03-01T17:18:44 IST" name="test_Travellers" finished-at="2024-03-01T17:18:54 IST" duration-ms="9949" status="PASS">
          <reporter-output>
          </reporter-output>
        </test-method> <!-- test_Travellers -->
        <test-method signature="test_MedicalHistory()[pri:5, instance:testCases.TC_001_TravelInsuranceTest@268f106e]" started-at="2024-03-01T17:18:55 IST" name="test_MedicalHistory" finished-at="2024-03-01T17:18:56 IST" duration-ms="992" status="PASS">
          <reporter-output>
          </reporter-output>
        </test-method> <!-- test_MedicalHistory -->
        <test-method signature="test_contactDetails()[pri:6, instance:testCases.TC_001_TravelInsuranceTest@268f106e]" started-at="2024-03-01T17:18:56 IST" name="test_contactDetails" finished-at="2024-03-01T17:19:01 IST" duration-ms="4867" status="PASS">
          <reporter-output>
          </reporter-output>
        </test-method> <!-- test_contactDetails -->
        <test-method signature="test_StudentPlans()[pri:7, instance:testCases.TC_001_TravelInsuranceTest@268f106e]" started-at="2024-03-01T17:19:02 IST" name="test_StudentPlans" finished-at="2024-03-01T17:19:21 IST" duration-ms="19725" status="PASS">
          <reporter-output>
          </reporter-output>
        </test-method> <!-- test_StudentPlans -->
        <test-method signature="test_DisplayTravelInsurance()[pri:8, instance:testCases.TC_001_TravelInsuranceTest@268f106e]" started-at="2024-03-01T17:19:22 IST" name="test_DisplayTravelInsurance" finished-at="2024-03-01T17:19:27 IST" duration-ms="5455" status="PASS">
          <reporter-output>
          </reporter-output>
        </test-method> <!-- test_DisplayTravelInsurance -->
        <test-method is-config="true" signature="teardown()[pri:0, instance:testCases.TC_001_TravelInsuranceTest@268f106e]" started-at="2024-03-01T17:20:05 IST" name="teardown" finished-at="2024-03-01T17:20:07 IST" duration-ms="1994" status="PASS">
          <reporter-output>
          </reporter-output>
        </test-method> <!-- teardown -->
      </class> <!-- testCases.TC_001_TravelInsuranceTest -->
      <class name="testCases.TC_002_CarInsuranceTest">
        <test-method signature="test_HomePage()[pri:1, instance:testCases.TC_002_CarInsuranceTest@183ec003]" started-at="2024-03-01T17:19:28 IST" name="test_HomePage" finished-at="2024-03-01T17:19:39 IST" duration-ms="11440" status="PASS">
          <reporter-output>
          </reporter-output>
        </test-method> <!-- test_HomePage -->
        <test-method signature="test_carQuote()[pri:2, instance:testCases.TC_002_CarInsuranceTest@183ec003]" started-at="2024-03-01T17:19:40 IST" name="test_carQuote" finished-at="2024-03-01T17:19:43 IST" duration-ms="3869" status="PASS">
          <reporter-output>
          </reporter-output>
        </test-method> <!-- test_carQuote -->
        <test-method signature="test_carCityAndRto()[pri:3, instance:testCases.TC_002_CarInsuranceTest@183ec003]" started-at="2024-03-01T17:19:44 IST" name="test_carCityAndRto" finished-at="2024-03-01T17:19:45 IST" duration-ms="568" status="PASS">
          <reporter-output>
          </reporter-output>
        </test-method> <!-- test_carCityAndRto -->
        <test-method signature="test_carBrand()[pri:4, instance:testCases.TC_002_CarInsuranceTest@183ec003]" started-at="2024-03-01T17:19:45 IST" name="test_carBrand" finished-at="2024-03-01T17:19:46 IST" duration-ms="391" status="PASS">
          <reporter-output>
          </reporter-output>
        </test-method> <!-- test_carBrand -->
        <test-method signature="test_carModel()[pri:5, instance:testCases.TC_002_CarInsuranceTest@183ec003]" started-at="2024-03-01T17:19:46 IST" name="test_carModel" finished-at="2024-03-01T17:19:46 IST" duration-ms="391" status="PASS">
          <reporter-output>
          </reporter-output>
        </test-method> <!-- test_carModel -->
        <test-method signature="test_carFuelType()[pri:6, instance:testCases.TC_002_CarInsuranceTest@183ec003]" started-at="2024-03-01T17:19:47 IST" name="test_carFuelType" finished-at="2024-03-01T17:19:47 IST" duration-ms="319" status="PASS">
          <reporter-output>
          </reporter-output>
        </test-method> <!-- test_carFuelType -->
        <test-method signature="test_carVariant()[pri:7, instance:testCases.TC_002_CarInsuranceTest@183ec003]" started-at="2024-03-01T17:19:48 IST" name="test_carVariant" finished-at="2024-03-01T17:19:48 IST" duration-ms="301" status="PASS">
          <reporter-output>
          </reporter-output>
        </test-method> <!-- test_carVariant -->
        <test-method signature="test_userDetails()[pri:8, instance:testCases.TC_002_CarInsuranceTest@183ec003]" started-at="2024-03-01T17:19:48 IST" name="test_userDetails" finished-at="2024-03-01T17:19:50 IST" duration-ms="1835" status="PASS">
          <reporter-output>
          </reporter-output>
        </test-method> <!-- test_userDetails -->
        <test-method signature="test_captureErrorMsg()[pri:9, instance:testCases.TC_002_CarInsuranceTest@183ec003]" started-at="2024-03-01T17:19:51 IST" name="test_captureErrorMsg" finished-at="2024-03-01T17:19:51 IST" duration-ms="85" status="PASS">
          <reporter-output>
          </reporter-output>
        </test-method> <!-- test_captureErrorMsg -->
      </class> <!-- testCases.TC_002_CarInsuranceTest -->
    </test> <!-- Test -->
  </suite> <!-- Suite -->
</testng-results>
