<?xml version="1.0" encoding="UTF-8"?>
<testng-results ignored="8" total="44" passed="36" failed="0" skipped="0">
  <reporter-output>
  </reporter-output>
  <suite started-at="2024-03-01T17:00:08 IST" name="Suite" finished-at="2024-03-01T17:05:06 IST" duration-ms="298220">
    <groups>
    </groups>
    <test started-at="2024-03-01T17:00:08 IST" name="chromeTest" finished-at="2024-03-01T17:02:40 IST" duration-ms="152068">
      <class name="testCases.TC_003_HealthInsuranceTest">
        <test-method signature="test_MenuItems()[pri:0, instance:testCases.TC_003_HealthInsuranceTest@644baf4a]" started-at="2024-03-01T17:02:22 IST" name="test_MenuItems" finished-at="2024-03-01T17:02:38 IST" duration-ms="15840" status="PASS">
          <reporter-output>
          </reporter-output>
        </test-method> <!-- test_MenuItems -->
      </class> <!-- testCases.TC_003_HealthInsuranceTest -->
      <class name="testCases.TC_001_TravelInsuranceTest">
        <test-method is-config="true" signature="setup(java.lang.String,java.lang.String)[pri:0, instance:testCases.TC_001_TravelInsuranceTest@3e27aa33]" started-at="2024-03-01T17:00:09 IST" name="setup" finished-at="2024-03-01T17:00:56 IST" duration-ms="47295" status="PASS">
          <params>
            <param index="0">
              <value>
                <![CDATA[windows]]>
              </value>
            </param>
            <param index="1">
              <value>
                <![CDATA[chrome]]>
              </value>
            </param>
          </params>
          <reporter-output>
          </reporter-output>
        </test-method> <!-- setup -->
        <test-method signature="test_HomePage()[pri:1, instance:testCases.TC_001_TravelInsuranceTest@3e27aa33]" started-at="2024-03-01T17:00:56 IST" name="test_HomePage" finished-at="2024-03-01T17:01:04 IST" duration-ms="7494" status="PASS">
          <reporter-output>
          </reporter-output>
        </test-method> <!-- test_HomePage -->
        <test-method signature="test_Destinations()[pri:2, instance:testCases.TC_001_TravelInsuranceTest@3e27aa33]" started-at="2024-03-01T17:01:05 IST" name="test_Destinations" finished-at="2024-03-01T17:01:06 IST" duration-ms="1618" status="PASS">
          <reporter-output>
          </reporter-output>
        </test-method> <!-- test_Destinations -->
        <test-method signature="test_TripDate()[pri:3, instance:testCases.TC_001_TravelInsuranceTest@3e27aa33]" started-at="2024-03-01T17:01:07 IST" name="test_TripDate" finished-at="2024-03-01T17:01:13 IST" duration-ms="6079" status="PASS">
          <reporter-output>
          </reporter-output>
        </test-method> <!-- test_TripDate -->
        <test-method signature="test_Travellers()[pri:4, instance:testCases.TC_001_TravelInsuranceTest@3e27aa33]" started-at="2024-03-01T17:01:14 IST" name="test_Travellers" finished-at="2024-03-01T17:01:25 IST" duration-ms="11137" status="PASS">
          <reporter-output>
          </reporter-output>
        </test-method> <!-- test_Travellers -->
        <test-method signature="test_MedicalHistory()[pri:5, instance:testCases.TC_001_TravelInsuranceTest@3e27aa33]" started-at="2024-03-01T17:01:26 IST" name="test_MedicalHistory" finished-at="2024-03-01T17:01:26 IST" duration-ms="691" status="PASS">
          <reporter-output>
          </reporter-output>
        </test-method> <!-- test_MedicalHistory -->
        <test-method signature="test_contactDetails()[pri:6, instance:testCases.TC_001_TravelInsuranceTest@3e27aa33]" started-at="2024-03-01T17:01:27 IST" name="test_contactDetails" finished-at="2024-03-01T17:01:30 IST" duration-ms="3292" status="PASS">
          <reporter-output>
          </reporter-output>
        </test-method> <!-- test_contactDetails -->
        <test-method signature="test_StudentPlans()[pri:7, instance:testCases.TC_001_TravelInsuranceTest@3e27aa33]" started-at="2024-03-01T17:01:31 IST" name="test_StudentPlans" finished-at="2024-03-01T17:01:52 IST" duration-ms="21662" status="PASS">
          <reporter-output>
          </reporter-output>
        </test-method> <!-- test_StudentPlans -->
        <test-method signature="test_DisplayTravelInsurance()[pri:8, instance:testCases.TC_001_TravelInsuranceTest@3e27aa33]" started-at="2024-03-01T17:01:53 IST" name="test_DisplayTravelInsurance" finished-at="2024-03-01T17:01:59 IST" duration-ms="6080" status="PASS">
          <reporter-output>
          </reporter-output>
        </test-method> <!-- test_DisplayTravelInsurance -->
        <test-method is-config="true" signature="teardown()[pri:0, instance:testCases.TC_001_TravelInsuranceTest@3e27aa33]" started-at="2024-03-01T17:02:38 IST" name="teardown" finished-at="2024-03-01T17:02:40 IST" duration-ms="1402" status="PASS">
          <reporter-output>
          </reporter-output>
        </test-method> <!-- teardown -->
      </class> <!-- testCases.TC_001_TravelInsuranceTest -->
      <class name="testCases.TC_002_CarInsuranceTest">
        <test-method signature="test_HomePage()[pri:1, instance:testCases.TC_002_CarInsuranceTest@f78a47e]" started-at="2024-03-01T17:01:59 IST" name="test_HomePage" finished-at="2024-03-01T17:02:08 IST" duration-ms="8672" status="PASS">
          <reporter-output>
          </reporter-output>
        </test-method> <!-- test_HomePage -->
        <test-method signature="test_carQuote()[pri:2, instance:testCases.TC_002_CarInsuranceTest@f78a47e]" started-at="2024-03-01T17:02:09 IST" name="test_carQuote" finished-at="2024-03-01T17:02:14 IST" duration-ms="4496" status="PASS">
          <reporter-output>
          </reporter-output>
        </test-method> <!-- test_carQuote -->
        <test-method signature="test_carCityAndRto()[pri:3, instance:testCases.TC_002_CarInsuranceTest@f78a47e]" started-at="2024-03-01T17:02:14 IST" name="test_carCityAndRto" finished-at="2024-03-01T17:02:15 IST" duration-ms="694" status="PASS">
          <reporter-output>
          </reporter-output>
        </test-method> <!-- test_carCityAndRto -->
        <test-method signature="test_carBrand()[pri:4, instance:testCases.TC_002_CarInsuranceTest@f78a47e]" started-at="2024-03-01T17:02:15 IST" name="test_carBrand" finished-at="2024-03-01T17:02:16 IST" duration-ms="320" status="PASS">
          <reporter-output>
          </reporter-output>
        </test-method> <!-- test_carBrand -->
        <test-method signature="test_carModel()[pri:5, instance:testCases.TC_002_CarInsuranceTest@f78a47e]" started-at="2024-03-01T17:02:16 IST" name="test_carModel" finished-at="2024-03-01T17:02:17 IST" duration-ms="286" status="PASS">
          <reporter-output>
          </reporter-output>
        </test-method> <!-- test_carModel -->
        <test-method signature="test_carFuelType()[pri:6, instance:testCases.TC_002_CarInsuranceTest@f78a47e]" started-at="2024-03-01T17:02:17 IST" name="test_carFuelType" finished-at="2024-03-01T17:02:17 IST" duration-ms="384" status="PASS">
          <reporter-output>
          </reporter-output>
        </test-method> <!-- test_carFuelType -->
        <test-method signature="test_carVariant()[pri:7, instance:testCases.TC_002_CarInsuranceTest@f78a47e]" started-at="2024-03-01T17:02:18 IST" name="test_carVariant" finished-at="2024-03-01T17:02:18 IST" duration-ms="287" status="PASS">
          <reporter-output>
          </reporter-output>
        </test-method> <!-- test_carVariant -->
        <test-method signature="test_userDetails()[pri:8, instance:testCases.TC_002_CarInsuranceTest@f78a47e]" started-at="2024-03-01T17:02:19 IST" name="test_userDetails" finished-at="2024-03-01T17:02:21 IST" duration-ms="2292" status="PASS">
          <reporter-output>
          </reporter-output>
        </test-method> <!-- test_userDetails -->
        <test-method signature="test_captureErrorMsg()[pri:9, instance:testCases.TC_002_CarInsuranceTest@f78a47e]" started-at="2024-03-01T17:02:21 IST" name="test_captureErrorMsg" finished-at="2024-03-01T17:02:22 IST" duration-ms="107" status="PASS">
          <reporter-output>
          </reporter-output>
        </test-method> <!-- test_captureErrorMsg -->
      </class> <!-- testCases.TC_002_CarInsuranceTest -->
    </test> <!-- chromeTest -->
    <test started-at="2024-03-01T17:02:53 IST" name="edgeTest" finished-at="2024-03-01T17:05:06 IST" duration-ms="133086">
      <class name="testCases.TC_003_HealthInsuranceTest">
        <test-method signature="test_MenuItems()[pri:0, instance:testCases.TC_003_HealthInsuranceTest@28261e8e]" started-at="2024-03-01T17:04:48 IST" name="test_MenuItems" finished-at="2024-03-01T17:05:04 IST" duration-ms="15495" status="PASS">
          <reporter-output>
          </reporter-output>
        </test-method> <!-- test_MenuItems -->
      </class> <!-- testCases.TC_003_HealthInsuranceTest -->
      <class name="testCases.TC_001_TravelInsuranceTest">
        <test-method is-config="true" signature="setup(java.lang.String,java.lang.String)[pri:0, instance:testCases.TC_001_TravelInsuranceTest@4b29d1d2]" started-at="2024-03-01T17:02:53 IST" name="setup" finished-at="2024-03-01T17:03:32 IST" duration-ms="38780" status="PASS">
          <params>
            <param index="0">
              <value>
                <![CDATA[windows]]>
              </value>
            </param>
            <param index="1">
              <value>
                <![CDATA[chrome]]>
              </value>
            </param>
          </params>
          <reporter-output>
          </reporter-output>
        </test-method> <!-- setup -->
        <test-method signature="test_HomePage()[pri:1, instance:testCases.TC_001_TravelInsuranceTest@4b29d1d2]" started-at="2024-03-01T17:03:32 IST" name="test_HomePage" finished-at="2024-03-01T17:03:37 IST" duration-ms="5560" status="PASS">
          <reporter-output>
          </reporter-output>
        </test-method> <!-- test_HomePage -->
        <test-method signature="test_Destinations()[pri:2, instance:testCases.TC_001_TravelInsuranceTest@4b29d1d2]" started-at="2024-03-01T17:03:38 IST" name="test_Destinations" finished-at="2024-03-01T17:03:39 IST" duration-ms="1334" status="PASS">
          <reporter-output>
          </reporter-output>
        </test-method> <!-- test_Destinations -->
        <test-method signature="test_TripDate()[pri:3, instance:testCases.TC_001_TravelInsuranceTest@4b29d1d2]" started-at="2024-03-01T17:03:40 IST" name="test_TripDate" finished-at="2024-03-01T17:03:46 IST" duration-ms="5715" status="PASS">
          <reporter-output>
          </reporter-output>
        </test-method> <!-- test_TripDate -->
        <test-method signature="test_Travellers()[pri:4, instance:testCases.TC_001_TravelInsuranceTest@4b29d1d2]" started-at="2024-03-01T17:03:47 IST" name="test_Travellers" finished-at="2024-03-01T17:03:53 IST" duration-ms="5813" status="PASS">
          <reporter-output>
          </reporter-output>
        </test-method> <!-- test_Travellers -->
        <test-method signature="test_MedicalHistory()[pri:5, instance:testCases.TC_001_TravelInsuranceTest@4b29d1d2]" started-at="2024-03-01T17:03:53 IST" name="test_MedicalHistory" finished-at="2024-03-01T17:03:54 IST" duration-ms="806" status="PASS">
          <reporter-output>
          </reporter-output>
        </test-method> <!-- test_MedicalHistory -->
        <test-method signature="test_contactDetails()[pri:6, instance:testCases.TC_001_TravelInsuranceTest@4b29d1d2]" started-at="2024-03-01T17:03:55 IST" name="test_contactDetails" finished-at="2024-03-01T17:03:57 IST" duration-ms="2163" status="PASS">
          <reporter-output>
          </reporter-output>
        </test-method> <!-- test_contactDetails -->
        <test-method signature="test_StudentPlans()[pri:7, instance:testCases.TC_001_TravelInsuranceTest@4b29d1d2]" started-at="2024-03-01T17:03:57 IST" name="test_StudentPlans" finished-at="2024-03-01T17:04:23 IST" duration-ms="25536" status="PASS">
          <reporter-output>
          </reporter-output>
        </test-method> <!-- test_StudentPlans -->
        <test-method signature="test_DisplayTravelInsurance()[pri:8, instance:testCases.TC_001_TravelInsuranceTest@4b29d1d2]" started-at="2024-03-01T17:04:23 IST" name="test_DisplayTravelInsurance" finished-at="2024-03-01T17:04:28 IST" duration-ms="5160" status="PASS">
          <reporter-output>
          </reporter-output>
        </test-method> <!-- test_DisplayTravelInsurance -->
        <test-method is-config="true" signature="teardown()[pri:0, instance:testCases.TC_001_TravelInsuranceTest@4b29d1d2]" started-at="2024-03-01T17:05:04 IST" name="teardown" finished-at="2024-03-01T17:05:06 IST" duration-ms="1486" status="PASS">
          <reporter-output>
          </reporter-output>
        </test-method> <!-- teardown -->
      </class> <!-- testCases.TC_001_TravelInsuranceTest -->
      <class name="testCases.TC_002_CarInsuranceTest">
        <test-method signature="test_HomePage()[pri:1, instance:testCases.TC_002_CarInsuranceTest@7f485fda]" started-at="2024-03-01T17:04:29 IST" name="test_HomePage" finished-at="2024-03-01T17:04:36 IST" duration-ms="7419" status="PASS">
          <reporter-output>
          </reporter-output>
        </test-method> <!-- test_HomePage -->
        <test-method signature="test_carQuote()[pri:2, instance:testCases.TC_002_CarInsuranceTest@7f485fda]" started-at="2024-03-01T17:04:37 IST" name="test_carQuote" finished-at="2024-03-01T17:04:42 IST" duration-ms="4641" status="PASS">
          <reporter-output>
          </reporter-output>
        </test-method> <!-- test_carQuote -->
        <test-method signature="test_carCityAndRto()[pri:3, instance:testCases.TC_002_CarInsuranceTest@7f485fda]" started-at="2024-03-01T17:04:42 IST" name="test_carCityAndRto" finished-at="2024-03-01T17:04:43 IST" duration-ms="547" status="PASS">
          <reporter-output>
          </reporter-output>
        </test-method> <!-- test_carCityAndRto -->
        <test-method signature="test_carBrand()[pri:4, instance:testCases.TC_002_CarInsuranceTest@7f485fda]" started-at="2024-03-01T17:04:43 IST" name="test_carBrand" finished-at="2024-03-01T17:04:43 IST" duration-ms="208" status="PASS">
          <reporter-output>
          </reporter-output>
        </test-method> <!-- test_carBrand -->
        <test-method signature="test_carModel()[pri:5, instance:testCases.TC_002_CarInsuranceTest@7f485fda]" started-at="2024-03-01T17:04:44 IST" name="test_carModel" finished-at="2024-03-01T17:04:44 IST" duration-ms="426" status="PASS">
          <reporter-output>
          </reporter-output>
        </test-method> <!-- test_carModel -->
        <test-method signature="test_carFuelType()[pri:6, instance:testCases.TC_002_CarInsuranceTest@7f485fda]" started-at="2024-03-01T17:04:45 IST" name="test_carFuelType" finished-at="2024-03-01T17:04:45 IST" duration-ms="306" status="PASS">
          <reporter-output>
          </reporter-output>
        </test-method> <!-- test_carFuelType -->
        <test-method signature="test_carVariant()[pri:7, instance:testCases.TC_002_CarInsuranceTest@7f485fda]" started-at="2024-03-01T17:04:45 IST" name="test_carVariant" finished-at="2024-03-01T17:04:46 IST" duration-ms="306" status="PASS">
          <reporter-output>
          </reporter-output>
        </test-method> <!-- test_carVariant -->
        <test-method signature="test_userDetails()[pri:8, instance:testCases.TC_002_CarInsuranceTest@7f485fda]" started-at="2024-03-01T17:04:46 IST" name="test_userDetails" finished-at="2024-03-01T17:04:48 IST" duration-ms="1522" status="PASS">
          <reporter-output>
          </reporter-output>
        </test-method> <!-- test_userDetails -->
        <test-method signature="test_captureErrorMsg()[pri:9, instance:testCases.TC_002_CarInsuranceTest@7f485fda]" started-at="2024-03-01T17:04:48 IST" name="test_captureErrorMsg" finished-at="2024-03-01T17:04:48 IST" duration-ms="72" status="PASS">
          <reporter-output>
          </reporter-output>
        </test-method> <!-- test_captureErrorMsg -->
      </class> <!-- testCases.TC_002_CarInsuranceTest -->
    </test> <!-- edgeTest -->
  </suite> <!-- Suite -->
</testng-results>
