<?xml version="1.0" encoding="UTF-8"?>
<testng-results ignored="4" total="22" passed="18" failed="0" skipped="0">
  <reporter-output>
  </reporter-output>
  <suite started-at="2024-03-14T17:32:38 IST" name="Suite" finished-at="2024-03-14T17:34:22 IST" duration-ms="103549">
    <groups>
    </groups>
    <test started-at="2024-03-14T17:32:38 IST" name="Test" finished-at="2024-03-14T17:34:22 IST" duration-ms="103549">
      <class name="testCases.TC_003_HealthInsuranceTest">
        <test-method signature="test_MenuItems()[pri:0, instance:testCases.TC_003_HealthInsuranceTest@1ed4ae0f]" started-at="2024-03-14T17:34:08 IST" name="test_MenuItems" finished-at="2024-03-14T17:34:20 IST" duration-ms="12282" status="PASS">
          <reporter-output>
          </reporter-output>
        </test-method> <!-- test_MenuItems -->
      </class> <!-- testCases.TC_003_HealthInsuranceTest -->
      <class name="testCases.TC_001_TravelInsuranceTest">
        <test-method is-config="true" signature="setup(java.lang.String,java.lang.String)[pri:0, instance:testCases.TC_001_TravelInsuranceTest@2ddc9a9f]" started-at="2024-03-14T17:32:39 IST" name="setup" finished-at="2024-03-14T17:33:04 IST" duration-ms="24426" status="PASS">
          <params>
            <param index="0">
              <value>
                <![CDATA[windows]]>
              </value>
            </param>
            <param index="1">
              <value>
                <![CDATA[chrome]]>
              </value>
            </param>
          </params>
          <reporter-output>
          </reporter-output>
        </test-method> <!-- setup -->
        <test-method signature="test_HomePage()[pri:1, instance:testCases.TC_001_TravelInsuranceTest@2ddc9a9f]" started-at="2024-03-14T17:33:04 IST" name="test_HomePage" finished-at="2024-03-14T17:33:05 IST" duration-ms="1033" status="PASS">
          <reporter-output>
          </reporter-output>
        </test-method> <!-- test_HomePage -->
        <test-method signature="test_Destinations()[pri:2, instance:testCases.TC_001_TravelInsuranceTest@2ddc9a9f]" started-at="2024-03-14T17:33:05 IST" name="test_Destinations" finished-at="2024-03-14T17:33:15 IST" depends-on-methods="testCases.TC_001_TravelInsuranceTest.test_HomePage" duration-ms="9204" status="PASS">
          <reporter-output>
          </reporter-output>
        </test-method> <!-- test_Destinations -->
        <test-method signature="test_TripDate()[pri:3, instance:testCases.TC_001_TravelInsuranceTest@2ddc9a9f]" started-at="2024-03-14T17:33:15 IST" name="test_TripDate" finished-at="2024-03-14T17:33:23 IST" depends-on-methods="testCases.TC_001_TravelInsuranceTest.test_Destinations" duration-ms="8439" status="PASS">
          <reporter-output>
          </reporter-output>
        </test-method> <!-- test_TripDate -->
        <test-method signature="test_Travellers()[pri:4, instance:testCases.TC_001_TravelInsuranceTest@2ddc9a9f]" started-at="2024-03-14T17:33:24 IST" name="test_Travellers" finished-at="2024-03-14T17:33:30 IST" depends-on-methods="testCases.TC_001_TravelInsuranceTest.test_TripDate" duration-ms="6202" status="PASS">
          <reporter-output>
          </reporter-output>
        </test-method> <!-- test_Travellers -->
        <test-method signature="test_MedicalHistory()[pri:5, instance:testCases.TC_001_TravelInsuranceTest@2ddc9a9f]" started-at="2024-03-14T17:33:30 IST" name="test_MedicalHistory" finished-at="2024-03-14T17:33:31 IST" depends-on-methods="testCases.TC_001_TravelInsuranceTest.test_Travellers" duration-ms="397" status="PASS">
          <reporter-output>
          </reporter-output>
        </test-method> <!-- test_MedicalHistory -->
        <test-method signature="test_contactDetails()[pri:6, instance:testCases.TC_001_TravelInsuranceTest@2ddc9a9f]" started-at="2024-03-14T17:33:31 IST" name="test_contactDetails" finished-at="2024-03-14T17:33:34 IST" depends-on-methods="testCases.TC_001_TravelInsuranceTest.test_MedicalHistory" duration-ms="2405" status="PASS">
          <reporter-output>
          </reporter-output>
        </test-method> <!-- test_contactDetails -->
        <test-method signature="test_StudentPlans()[pri:7, instance:testCases.TC_001_TravelInsuranceTest@2ddc9a9f]" started-at="2024-03-14T17:33:34 IST" name="test_StudentPlans" finished-at="2024-03-14T17:33:48 IST" depends-on-methods="testCases.TC_001_TravelInsuranceTest.test_contactDetails" duration-ms="13594" status="PASS">
          <reporter-output>
          </reporter-output>
        </test-method> <!-- test_StudentPlans -->
        <test-method signature="test_DisplayTravelInsurance()[pri:8, instance:testCases.TC_001_TravelInsuranceTest@2ddc9a9f]" started-at="2024-03-14T17:33:48 IST" name="test_DisplayTravelInsurance" finished-at="2024-03-14T17:33:52 IST" depends-on-methods="testCases.TC_001_TravelInsuranceTest.test_StudentPlans" duration-ms="4392" status="PASS">
          <reporter-output>
          </reporter-output>
        </test-method> <!-- test_DisplayTravelInsurance -->
        <test-method is-config="true" signature="teardown()[pri:0, instance:testCases.TC_001_TravelInsuranceTest@2ddc9a9f]" started-at="2024-03-14T17:34:21 IST" name="teardown" finished-at="2024-03-14T17:34:22 IST" duration-ms="1207" status="PASS">
          <reporter-output>
          </reporter-output>
        </test-method> <!-- teardown -->
      </class> <!-- testCases.TC_001_TravelInsuranceTest -->
      <class name="testCases.TC_002_CarInsuranceTest">
        <test-method signature="test_HomePage()[pri:1, instance:testCases.TC_002_CarInsuranceTest@7526515b]" started-at="2024-03-14T17:33:53 IST" name="test_HomePage" finished-at="2024-03-14T17:33:58 IST" duration-ms="4924" status="PASS">
          <reporter-output>
          </reporter-output>
        </test-method> <!-- test_HomePage -->
        <test-method signature="test_carQuote()[pri:2, instance:testCases.TC_002_CarInsuranceTest@7526515b]" started-at="2024-03-14T17:33:58 IST" name="test_carQuote" finished-at="2024-03-14T17:34:01 IST" depends-on-methods="testCases.TC_002_CarInsuranceTest.test_HomePage" duration-ms="3224" status="PASS">
          <reporter-output>
          </reporter-output>
        </test-method> <!-- test_carQuote -->
        <test-method signature="test_carCityAndRto()[pri:3, instance:testCases.TC_002_CarInsuranceTest@7526515b]" started-at="2024-03-14T17:34:02 IST" name="test_carCityAndRto" finished-at="2024-03-14T17:34:03 IST" depends-on-methods="testCases.TC_002_CarInsuranceTest.test_carQuote" duration-ms="759" status="PASS">
          <reporter-output>
          </reporter-output>
        </test-method> <!-- test_carCityAndRto -->
        <test-method signature="test_carBrand()[pri:4, instance:testCases.TC_002_CarInsuranceTest@7526515b]" started-at="2024-03-14T17:34:03 IST" name="test_carBrand" finished-at="2024-03-14T17:34:03 IST" depends-on-methods="testCases.TC_002_CarInsuranceTest.test_carCityAndRto" duration-ms="188" status="PASS">
          <reporter-output>
          </reporter-output>
        </test-method> <!-- test_carBrand -->
        <test-method signature="test_carModel()[pri:5, instance:testCases.TC_002_CarInsuranceTest@7526515b]" started-at="2024-03-14T17:34:04 IST" name="test_carModel" finished-at="2024-03-14T17:34:05 IST" depends-on-methods="testCases.TC_002_CarInsuranceTest.test_carBrand" duration-ms="783" status="PASS">
          <reporter-output>
          </reporter-output>
        </test-method> <!-- test_carModel -->
        <test-method signature="test_carFuelType()[pri:6, instance:testCases.TC_002_CarInsuranceTest@7526515b]" started-at="2024-03-14T17:34:05 IST" name="test_carFuelType" finished-at="2024-03-14T17:34:05 IST" depends-on-methods="testCases.TC_002_CarInsuranceTest.test_carModel" duration-ms="313" status="PASS">
          <reporter-output>
          </reporter-output>
        </test-method> <!-- test_carFuelType -->
        <test-method signature="test_carVariant()[pri:7, instance:testCases.TC_002_CarInsuranceTest@7526515b]" started-at="2024-03-14T17:34:06 IST" name="test_carVariant" finished-at="2024-03-14T17:34:06 IST" depends-on-methods="testCases.TC_002_CarInsuranceTest.test_carFuelType" duration-ms="255" status="PASS">
          <reporter-output>
          </reporter-output>
        </test-method> <!-- test_carVariant -->
        <test-method signature="test_userDetails()[pri:8, instance:testCases.TC_002_CarInsuranceTest@7526515b]" started-at="2024-03-14T17:34:06 IST" name="test_userDetails" finished-at="2024-03-14T17:34:07 IST" depends-on-methods="testCases.TC_002_CarInsuranceTest.test_carVariant" duration-ms="1272" status="PASS">
          <reporter-output>
          </reporter-output>
        </test-method> <!-- test_userDetails -->
        <test-method signature="test_captureErrorMsg()[pri:9, instance:testCases.TC_002_CarInsuranceTest@7526515b]" started-at="2024-03-14T17:34:08 IST" name="test_captureErrorMsg" finished-at="2024-03-14T17:34:08 IST" depends-on-methods="testCases.TC_002_CarInsuranceTest.test_userDetails" duration-ms="90" status="PASS">
          <reporter-output>
          </reporter-output>
        </test-method> <!-- test_captureErrorMsg -->
      </class> <!-- testCases.TC_002_CarInsuranceTest -->
    </test> <!-- Test -->
  </suite> <!-- Suite -->
</testng-results>
